<?xml version="1.0" encoding="utf-8"?><testsuites name="pytest tests"><testsuite name="pytest" errors="0" failures="0" skipped="0" tests="15" time="35.955" timestamp="2026-04-14T20:58:14.259412+00:00" hostname="agent-env-cf0086df-7299-4f8d-8f8d-bee0adc2d58b"><testcase classname="tests.test_lamdi_api.TestBasicEndpoints" name="test_root_endpoint" time="1.122" /><testcase classname="tests.test_lamdi_api.TestBasicEndpoints" name="test_health_check" time="0.726" /><testcase classname="tests.test_lamdi_api.TestBasicEndpoints" name="test_stats_endpoint" time="0.723" /><testcase classname="tests.test_lamdi_api.TestTaskCRUD" name="test_create_task_and_verify" time="2.927" /><testcase classname="tests.test_lamdi_api.TestTaskCRUD" name="test_get_all_tasks" time="0.781" /><testcase classname="tests.test_lamdi_api.TestTaskCRUD" name="test_get_tasks_with_filters" time="2.105" /><testcase classname="tests.test_lamdi_api.TestTaskCRUD" name="test_update_task_and_verify" time="2.672" /><testcase classname="tests.test_lamdi_api.TestTaskCRUD" name="test_delete_task_and_verify" time="2.074" /><testcase classname="tests.test_lamdi_api.TestTaskCRUD" name="test_get_nonexistent_task" time="0.720" /><testcase classname="tests.test_lamdi_api.TestAITaskExtraction" name="test_process_english_input" time="4.891" /><testcase classname="tests.test_lamdi_api.TestAITaskExtraction" name="test_process_czech_input" time="5.463" /><testcase classname="tests.test_lamdi_api.TestAITaskExtraction" name="test_process_vietnamese_input" time="4.456" /><testcase classname="tests.test_lamdi_api.TestAITaskExtraction" name="test_process_input_without_text" time="0.698" /><testcase classname="tests.test_lamdi_api.TestAITaskExtraction" name="test_ai_extracted_tasks_persist" time="3.824" /><testcase classname="tests.test_lamdi_api.TestStatsAccuracy" name="test_stats_reflect_task_changes" time="2.699" /></testsuite></testsuites>