<?xml version="1.0" encoding="utf-8"?><testsuites name="pytest tests"><testsuite name="pytest" errors="0" failures="1" skipped="0" tests="4" time="8.216" timestamp="2026-04-15T06:21:00.152242+00:00" hostname="agent-env-cf0086df-7299-4f8d-8f8d-bee0adc2d58b"><testcase classname="tests.test_iteration5_voice_features.TestVoiceProcessing" name="test_create_new_task_intent" time="2.086"><failure message="AssertionError: Expected create/mixed, got update&#10;assert 'update' in ['create', 'mixed']">tests/test_iteration5_voice_features.py:28: in test_create_new_task_intent
    assert data["intent"] in ["create", "mixed"], f"Expected create/mixed, got {data['intent']}"
E   AssertionError: Expected create/mixed, got update
E   assert 'update' in ['create', 'mixed']</failure></testcase><testcase classname="tests.test_iteration5_voice_features.TestVoiceProcessing" name="test_update_task_completion_intent" time="2.025" /><testcase classname="tests.test_iteration5_voice_features.TestVoiceProcessing" name="test_modal_title_for_create_intent" time="2.179" /><testcase classname="tests.test_iteration5_voice_features.TestVoiceProcessing" name="test_modal_title_for_update_intent" time="1.851" /></testsuite></testsuites>