<?xml version="1.0" encoding="utf-8"?><testsuites name="pytest tests"><testsuite name="pytest" errors="0" failures="0" skipped="0" tests="9" time="26.039" timestamp="2026-04-15T05:11:18.713165+00:00" hostname="agent-env-cf0086df-7299-4f8d-8f8d-bee0adc2d58b"><testcase classname="tests.test_smart_intent_detection.TestSmartIntentDetection" name="test_intent_create_new_task" time="3.148" /><testcase classname="tests.test_smart_intent_detection.TestSmartIntentDetection" name="test_intent_update_completion" time="2.850" /><testcase classname="tests.test_smart_intent_detection.TestSmartIntentDetection" name="test_intent_update_deadline_change" time="3.059" /><testcase classname="tests.test_smart_intent_detection.TestSmartIntentDetection" name="test_intent_mixed_create_and_update" time="3.791" /><testcase classname="tests.test_smart_intent_detection.TestSmartIntentDetection" name="test_intent_multiple_completions" time="3.236" /><testcase classname="tests.test_smart_intent_detection.TestSmartIntentDetection" name="test_intent_priority_change" time="2.748" /><testcase classname="tests.test_smart_intent_detection.TestSmartIntentDetection" name="test_response_structure" time="1.788" /><testcase classname="tests.test_smart_intent_detection.TestSmartIntentDetection" name="test_task_updates_persist_in_database" time="2.740" /><testcase classname="tests.test_smart_intent_detection.TestBackwardCompatibility" name="test_tasks_field_still_present" time="2.606" /></testsuite></testsuites>