<?xml version="1.0" encoding="utf-8"?><testsuites name="pytest tests"><testsuite name="pytest" errors="0" failures="0" skipped="0" tests="11" time="19.389" timestamp="2026-04-15T04:16:48.265025+00:00" hostname="agent-env-cf0086df-7299-4f8d-8f8d-bee0adc2d58b"><testcase classname="tests.test_new_features.TestWhisperTranscription" name="test_transcribe_base64_endpoint_exists" time="7.762" /><testcase classname="tests.test_new_features.TestWhisperTranscription" name="test_transcribe_base64_with_language_hint" time="7.163" /><testcase classname="tests.test_new_features.TestReminderSystem" name="test_configure_reminder_for_task" time="0.353" /><testcase classname="tests.test_new_features.TestReminderSystem" name="test_configure_reminder_nonexistent_task" time="0.119" /><testcase classname="tests.test_new_features.TestReminderSystem" name="test_get_pending_reminders" time="0.254" /><testcase classname="tests.test_new_features.TestReminderSystem" name="test_acknowledge_reminder" time="0.276" /><testcase classname="tests.test_new_features.TestReminderSystem" name="test_acknowledge_nonexistent_reminder" time="0.094" /><testcase classname="tests.test_new_features.TestReminderSystem" name="test_disable_reminder" time="0.357" /><testcase classname="tests.test_new_features.TestReminderSystem" name="test_disable_nonexistent_reminder" time="0.087" /><testcase classname="tests.test_new_features.TestReminderSystem" name="test_reminder_intervals_by_priority" time="0.676" /><testcase classname="tests.test_new_features.TestProcessInputIntegration" name="test_process_input_text_creates_tasks" time="2.181" /></testsuite></testsuites>