<?xml version="1.0" encoding="utf-8"?><testsuites name="pytest tests"><testsuite name="pytest" errors="0" failures="0" skipped="0" tests="4" time="11.956" timestamp="2026-04-15T05:24:04.625490+00:00" hostname="agent-env-cf0086df-7299-4f8d-8f8d-bee0adc2d58b"><testcase classname="tests.test_iteration5_voice_features.TestVoiceProcessing" name="test_create_new_task_intent" time="5.994" /><testcase classname="tests.test_iteration5_voice_features.TestVoiceProcessing" name="test_update_task_completion_intent" time="1.650" /><testcase classname="tests.test_iteration5_voice_features.TestVoiceProcessing" name="test_modal_title_for_create_intent" time="2.110" /><testcase classname="tests.test_iteration5_voice_features.TestVoiceProcessing" name="test_modal_title_for_update_intent" time="2.135" /></testsuite></testsuites>