<?xml version="1.0" encoding="utf-8"?><testsuites name="pytest tests"><testsuite name="pytest" errors="0" failures="0" skipped="0" tests="13" time="4.094" timestamp="2026-04-15T04:28:54.967927+00:00" hostname="agent-env-cf0086df-7299-4f8d-8f8d-bee0adc2d58b"><testcase classname="tests.test_iteration3_features.TestReminderIntervalCustomization" name="test_configure_reminder_with_15min_interval" time="0.679" /><testcase classname="tests.test_iteration3_features.TestReminderIntervalCustomization" name="test_configure_reminder_with_30min_interval" time="0.502" /><testcase classname="tests.test_iteration3_features.TestReminderIntervalCustomization" name="test_configure_reminder_with_1hr_interval" time="0.175" /><testcase classname="tests.test_iteration3_features.TestReminderIntervalCustomization" name="test_configure_reminder_with_2hr_interval" time="0.245" /><testcase classname="tests.test_iteration3_features.TestReminderIntervalCustomization" name="test_configure_reminder_with_4hr_interval" time="0.245" /><testcase classname="tests.test_iteration3_features.TestReminderIntervalCustomization" name="test_configure_reminder_with_8hr_interval" time="0.257" /><testcase classname="tests.test_iteration3_features.TestReminderIntervalCustomization" name="test_configure_reminder_with_24hr_interval" time="0.156" /><testcase classname="tests.test_iteration3_features.TestReminderPriorityAutoAdjust" name="test_urgent_priority_default_30min" time="0.193" /><testcase classname="tests.test_iteration3_features.TestReminderPriorityAutoAdjust" name="test_high_priority_default_2hr" time="0.197" /><testcase classname="tests.test_iteration3_features.TestReminderCancellationOnCompletion" name="test_disable_reminder_when_task_completed" time="0.346" /><testcase classname="tests.test_iteration3_features.TestReminderCancellationOnCompletion" name="test_pending_reminders_exclude_completed_tasks" time="0.443" /><testcase classname="tests.test_iteration3_features.TestReminderToggleOnOff" name="test_disable_reminder_via_delete_endpoint" time="0.252" /><testcase classname="tests.test_iteration3_features.TestReminderToggleOnOff" name="test_re_enable_reminder_after_disable" time="0.250" /></testsuite></testsuites>